::1 - - [17/Feb/2022:18:20:44 +0000] "GET / HTTP/1.1" 200 - "-" "curl/7.77.0"
::1 - - [17/Feb/2022:18:20:55 +0000] "GET / HTTP/1.1" 200 - "-" "curl/7.77.0"
::1 - - [17/Feb/2022:20:43:01 +0000] "GET / HTTP/1.1" 200 - "-" "Mozilla/5.0 (Macintosh; Intel Mac OS X 10_15_7) AppleWebKit/537.36 (KHTML, like Gecko) Chrome/98.0.4758.80 Safari/537.36"
::1 - - [17/Feb/2022:20:43:01 +0000] "GET /favicon.ico HTTP/1.1" - - "http://localhost:3000/" "Mozilla/5.0 (Macintosh; Intel Mac OS X 10_15_7) AppleWebKit/537.36 (KHTML, like Gecko) Chrome/98.0.4758.80 Safari/537.36"
::1 - - [17/Feb/2022:23:24:23 +0000] "GET / HTTP/1.1" 200 - "-" "Mozilla/5.0 (Macintosh; Intel Mac OS X 10_15_7) AppleWebKit/537.36 (KHTML, like Gecko) Chrome/98.0.4758.80 Safari/537.36"
::1 - - [18/Feb/2022:14:49:21 +0000] "POST /login HTTP/1.1" 400 49 "-" "PostmanRuntime/7.29.0"
::1 - - [18/Feb/2022:14:50:37 +0000] "POST /login HTTP/1.1" 400 49 "-" "PostmanRuntime/7.29.0"
::1 - - [18/Feb/2022:14:53:28 +0000] "POST /login HTTP/1.1" 400 49 "-" "PostmanRuntime/7.29.0"
::1 - - [18/Feb/2022:14:55:44 +0000] "POST /login HTTP/1.1" 400 46 "-" "PostmanRuntime/7.29.0"
::1 - - [18/Feb/2022:14:56:58 +0000] "POST /login HTTP/1.1" 200 - "-" "PostmanRuntime/7.29.0"
::1 - - [18/Feb/2022:14:59:57 +0000] "POST /login HTTP/1.1" 200 - "-" "PostmanRuntime/7.29.0"
::1 - - [18/Feb/2022:14:59:58 +0000] "POST /login HTTP/1.1" 200 - "-" "PostmanRuntime/7.29.0"
::1 - - [18/Feb/2022:15:00:10 +0000] "POST /login HTTP/1.1" 200 - "-" "PostmanRuntime/7.29.0"
::1 - - [18/Feb/2022:15:00:36 +0000] "POST /login HTTP/1.1" 200 - "-" "PostmanRuntime/7.29.0"
::1 - - [18/Feb/2022:15:00:37 +0000] "POST /login HTTP/1.1" 200 - "-" "PostmanRuntime/7.29.0"
::1 - - [18/Feb/2022:15:00:37 +0000] "POST /login HTTP/1.1" 200 - "-" "PostmanRuntime/7.29.0"
::1 - - [18/Feb/2022:15:00:38 +0000] "POST /login HTTP/1.1" 200 - "-" "PostmanRuntime/7.29.0"
::1 - - [18/Feb/2022:15:00:38 +0000] "POST /login HTTP/1.1" 200 - "-" "PostmanRuntime/7.29.0"
::1 - - [18/Feb/2022:15:00:39 +0000] "POST /login HTTP/1.1" 200 - "-" "PostmanRuntime/7.29.0"
::1 - - [18/Feb/2022:15:00:39 +0000] "POST /login HTTP/1.1" 200 - "-" "PostmanRuntime/7.29.0"
::1 - - [18/Feb/2022:15:04:05 +0000] "POST /login HTTP/1.1" 200 2 "-" "PostmanRuntime/7.29.0"
::1 - - [18/Feb/2022:15:05:03 +0000] "GET /login HTTP/1.1" 200 2 "-" "PostmanRuntime/7.29.0"
::1 - - [18/Feb/2022:15:05:04 +0000] "GET /login HTTP/1.1" 200 2 "-" "PostmanRuntime/7.29.0"
::1 - - [18/Feb/2022:15:05:04 +0000] "GET /login HTTP/1.1" 200 2 "-" "PostmanRuntime/7.29.0"
::1 - - [18/Feb/2022:15:07:02 +0000] "GET / HTTP/1.1" 200 - "-" "Mozilla/5.0 (Macintosh; Intel Mac OS X 10_15_7) AppleWebKit/537.36 (KHTML, like Gecko) Chrome/98.0.4758.80 Safari/537.36"
::1 - - [18/Feb/2022:15:07:08 +0000] "GET /login HTTP/1.1" 200 2 "-" "Mozilla/5.0 (Macintosh; Intel Mac OS X 10_15_7) AppleWebKit/537.36 (KHTML, like Gecko) Chrome/98.0.4758.80 Safari/537.36"
::1 - - [18/Feb/2022:15:07:43 +0000] "GET /favicon.ico HTTP/1.1" - - "http://localhost:3000/login" "Mozilla/5.0 (Macintosh; Intel Mac OS X 10_15_7) AppleWebKit/537.36 (KHTML, like Gecko) Chrome/98.0.4758.80 Safari/537.36"
::1 - - [18/Feb/2022:15:07:43 +0000] "GET /favicon.ico HTTP/1.1" - - "http://localhost:3000/" "Mozilla/5.0 (Macintosh; Intel Mac OS X 10_15_7) AppleWebKit/537.36 (KHTML, like Gecko) Chrome/98.0.4758.80 Safari/537.36"
::1 - - [18/Feb/2022:15:07:46 +0000] "POST /login HTTP/1.1" - - "-" "PostmanRuntime/7.29.0"
::1 - - [18/Feb/2022:15:07:57 +0000] "POST /login HTTP/1.1" 200 2 "-" "PostmanRuntime/7.29.0"
::1 - - [18/Feb/2022:15:08:56 +0000] "POST /login HTTP/1.1" 200 2 "-" "PostmanRuntime/7.29.0"
::1 - - [18/Feb/2022:15:08:57 +0000] "POST /login HTTP/1.1" 200 2 "-" "PostmanRuntime/7.29.0"
::1 - - [18/Feb/2022:15:08:57 +0000] "POST /login HTTP/1.1" 200 2 "-" "PostmanRuntime/7.29.0"
::1 - - [18/Feb/2022:15:15:04 +0000] "POST / HTTP/1.1" - - "-" "PostmanRuntime/7.29.0"
::1 - - [18/Feb/2022:15:15:35 +0000] "GET / HTTP/1.1" 200 2 "-" "PostmanRuntime/7.29.0"
::1 - - [18/Feb/2022:15:15:40 +0000] "GET / HTTP/1.1" 200 2 "-" "PostmanRuntime/7.29.0"
::1 - - [18/Feb/2022:15:15:40 +0000] "GET / HTTP/1.1" 200 2 "-" "PostmanRuntime/7.29.0"
::1 - - [18/Feb/2022:15:15:41 +0000] "GET / HTTP/1.1" 200 2 "-" "PostmanRuntime/7.29.0"
::1 - - [18/Feb/2022:15:15:42 +0000] "GET / HTTP/1.1" 200 2 "-" "PostmanRuntime/7.29.0"
::1 - - [18/Feb/2022:15:15:42 +0000] "GET / HTTP/1.1" 200 2 "-" "PostmanRuntime/7.29.0"
::1 - - [18/Feb/2022:15:26:01 +0000] "POST /login HTTP/1.1" 200 40 "-" "PostmanRuntime/7.29.0"
::1 - - [18/Feb/2022:15:26:16 +0000] "POST /login HTTP/1.1" 200 23 "-" "PostmanRuntime/7.29.0"
::1 - - [18/Feb/2022:15:26:30 +0000] "GET /login HTTP/1.1" - - "-" "Mozilla/5.0 (Macintosh; Intel Mac OS X 10_15_7) AppleWebKit/537.36 (KHTML, like Gecko) Chrome/98.0.4758.80 Safari/537.36"
::1 - - [18/Feb/2022:15:26:30 +0000] "GET / HTTP/1.1" 200 2 "-" "Mozilla/5.0 (Macintosh; Intel Mac OS X 10_15_7) AppleWebKit/537.36 (KHTML, like Gecko) Chrome/98.0.4758.80 Safari/537.36"
::1 - - [18/Feb/2022:15:26:54 +0000] "GET / HTTP/1.1" 200 - "-" "Mozilla/5.0 (Macintosh; Intel Mac OS X 10_15_7) AppleWebKit/537.36 (KHTML, like Gecko) Chrome/98.0.4758.80 Safari/537.36"
::1 - - [18/Feb/2022:15:32:34 +0000] "POST /login HTTP/1.1" 400 36 "-" "PostmanRuntime/7.29.0"
::1 - - [18/Feb/2022:15:32:38 +0000] "POST /login HTTP/1.1" 400 36 "-" "PostmanRuntime/7.29.0"
::1 - - [18/Feb/2022:15:34:31 +0000] "POST /login HTTP/1.1" 400 36 "-" "PostmanRuntime/7.29.0"
::1 - - [18/Feb/2022:15:34:32 +0000] "POST /login HTTP/1.1" 400 36 "-" "PostmanRuntime/7.29.0"
::1 - - [18/Feb/2022:15:34:33 +0000] "POST /login HTTP/1.1" 400 36 "-" "PostmanRuntime/7.29.0"
::1 - - [18/Feb/2022:15:35:13 +0000] "POST /login HTTP/1.1" 200 39 "-" "PostmanRuntime/7.29.0"
::1 - - [18/Feb/2022:15:35:54 +0000] "POST /login HTTP/1.1" 200 - "-" "PostmanRuntime/7.29.0"
::1 - - [18/Feb/2022:15:36:16 +0000] "POST /login HTTP/1.1" 200 - "-" "PostmanRuntime/7.29.0"
::1 - - [18/Feb/2022:15:37:41 +0000] "POST /login HTTP/1.1" 200 - "-" "PostmanRuntime/7.29.0"
::1 - - [18/Feb/2022:15:38:31 +0000] "POST /login HTTP/1.1" 400 49 "-" "PostmanRuntime/7.29.0"
::1 - - [18/Feb/2022:15:38:51 +0000] "POST /login HTTP/1.1" 400 49 "-" "PostmanRuntime/7.29.0"
::1 - - [18/Feb/2022:15:38:52 +0000] "POST /login HTTP/1.1" 400 49 "-" "PostmanRuntime/7.29.0"
::1 - - [18/Feb/2022:15:38:52 +0000] "POST /login HTTP/1.1" 400 49 "-" "PostmanRuntime/7.29.0"
::1 - - [18/Feb/2022:15:39:54 +0000] "POST /login HTTP/1.1" 400 49 "-" "PostmanRuntime/7.29.0"
::1 - - [18/Feb/2022:15:39:55 +0000] "POST /login HTTP/1.1" 400 49 "-" "PostmanRuntime/7.29.0"
::1 - - [18/Feb/2022:15:39:55 +0000] "POST /login HTTP/1.1" 400 49 "-" "PostmanRuntime/7.29.0"
::1 - - [18/Feb/2022:15:39:56 +0000] "POST /login HTTP/1.1" 400 49 "-" "PostmanRuntime/7.29.0"
::1 - - [18/Feb/2022:15:39:56 +0000] "POST /login HTTP/1.1" 400 49 "-" "PostmanRuntime/7.29.0"
::1 - - [18/Feb/2022:15:40:27 +0000] "POST /login HTTP/1.1" 400 25 "-" "PostmanRuntime/7.29.0"
::1 - - [18/Feb/2022:15:41:34 +0000] "POST /login HTTP/1.1" 400 49 "-" "PostmanRuntime/7.29.0"
::1 - - [18/Feb/2022:15:42:57 +0000] "POST /login HTTP/1.1" 200 - "-" "PostmanRuntime/7.29.0"
::1 - - [18/Feb/2022:15:48:31 +0000] "POST /login HTTP/1.1" 400 49 "-" "PostmanRuntime/7.29.0"
::1 - - [18/Feb/2022:15:51:23 +0000] "POST /login HTTP/1.1" 400 49 "-" "PostmanRuntime/7.29.0"
::1 - - [18/Feb/2022:15:51:39 +0000] "POST /login HTTP/1.1" 400 49 "-" "PostmanRuntime/7.29.0"
::1 - - [18/Feb/2022:16:08:38 +0000] "POST /login HTTP/1.1" 200 146 "-" "PostmanRuntime/7.29.0"
::1 - - [18/Feb/2022:16:19:03 +0000] "POST /login/local HTTP/1.1" 200 146 "-" "PostmanRuntime/7.29.0"
::1 - - [18/Feb/2022:16:25:19 +0000] "GET / HTTP/1.1" 200 - "-" "Mozilla/5.0 (Macintosh; Intel Mac OS X 10_15_7) AppleWebKit/537.36 (KHTML, like Gecko) Chrome/98.0.4758.80 Safari/537.36"
::1 - - [18/Feb/2022:16:30:24 +0000] "POST /login/local HTTP/1.1" 200 146 "-" "PostmanRuntime/7.29.0"
