{"level":"error"}
{"level":"error"}
{"level":"error"}
{"level":"error"}
{"level":"error"}
{"level":"error"}
{"level":"error","message":"error MongooseError: The `uri` parameter to `openUri()` must be a string, got \"undefined\". Make sure the first parameter to `mongoose.connect()` or `mongoose.createConnection()` is a string."}
{"level":"error","message":"error:MongooseError: The `uri` parameter to `openUri()` must be a string, got \"undefined\". Make sure the first parameter to `mongoose.connect()` or `mongoose.createConnection()` is a string."}
{"level":"error"}
{"level":"error","message":"MongooseError: The `uri` parameter to `openUri()` must be a string, got \"undefined\". Make sure the first parameter to `mongoose.connect()` or `mongoose.createConnection()` is a string."}
{"level":"error","message":"MongooseError: The `uri` parameter to `openUri()` must be a string, got \"undefined\". Make sure the first parameter to `mongoose.connect()` or `mongoose.createConnection()` is a string."}
{"level":"error","message":"❗MongooseError: The `uri` parameter to `openUri()` must be a string, got \"undefined\". Make sure the first parameter to `mongoose.connect()` or `mongoose.createConnection()` is a string.❗"}
{"level":"error","message":"❗ MongooseError: The `uri` parameter to `openUri()` must be a string, got \"undefined\". Make sure the first parameter to `mongoose.connect()` or `mongoose.createConnection()` is a string. ❗"}
{"level":"error","message":"\ud83d\uded1 MongooseError: The `uri` parameter to `openUri()` must be a string, got \"undefined\". Make sure the first parameter to `mongoose.connect()` or `mongoose.createConnection()` is a string. \ud83d\uded1"}
{"level":"error","message":"MongoNotConnectedError: MongoClient must be connected to perform this operation"}
{"level":"error"}
{"level":"error"}
{"level":"error"}
{"level":"error","message":"generating salt password is not defined","stack":"ReferenceError: password is not defined\n    at /Users/poppins/programming/top/blog_api/playground.js:12:15\n    at Immediate._onImmediate (/Users/poppins/programming/top/blog_api/node_modules/bcryptjs/dist/bcrypt.js:153:21)\n    at processImmediate (node:internal/timers:464:21)"}
{"level":"error","message":"Not Found"}
{"level":"error","message":"Not Found"}
{"level":"error"}
{"level":"error"}
{"level":"error"}
{"level":"error","message":"TypeError: blog.inc is not a function"}
{"isImmutableError":false,"level":"error","path":"id"}
{"level":"error","message":"StrictModeError: Path \"id\" is not in schema, strict mode is `true`, and upsert is `true`."}
{"level":"error","message":"CastError: Cast to ObjectId failed for value \"1\" (type number) at path \"likes\""}
{"level":"error","message":"CastError: Cast to ObjectId failed for value \"1\" (type number) at path \"likes\""}
{"level":"error","message":"CastError: Cast to ObjectId failed for value \"1\" (type number) at path \"likes\""}
{"level":"error","message":"CastError: Cast to ObjectId failed for value \"1\" (type number) at path \"likes\""}
{"level":"error","message":"CastError: Cast to ObjectId failed for value \"1\" (type number) at path \"likes\""}
{"level":"error","message":"CastError: Cast to ObjectId failed for value \"1\" (type string) at path \"likes\""}
{"level":"error","message":"CastError: Cast to ObjectId failed for value \"1\" (type string) at path \"likes\""}
{"level":"error","message":"CastError: Cast to ObjectId failed for value \"1\" (type string) at path \"likes\""}
{"level":"error","message":"CastError: Cast to ObjectId failed for value \"1\" (type number) at path \"likes\""}
{"level":"error","message":"CastError: Cast to ObjectId failed for value \"1\" (type number) at path \"likes\""}
{"level":"error","message":"CastError: Cast to ObjectId failed for value \"1\" (type number) at path \"likes\""}
{"isImmutableError":false,"level":"error","path":"id"}
{"level":"error","message":"StrictModeError: Path \"id\" is not in schema, strict mode is `true`, and upsert is `true`."}
{"level":"error","message":"StrictModeError: Path \"id\" is not in schema, strict mode is `true`, and upsert is `true`."}
{"level":"error","message":"MongoServerError: $pullAll requires an array argument but was given a objectId"}
{"code":"ERR_HTTP_HEADERS_SENT","level":"error"}
{"code":"ERR_HTTP_HEADERS_SENT","level":"error"}
{"code":"ERR_HTTP_HEADERS_SENT","level":"error"}
{"code":"ERR_HTTP_HEADERS_SENT","level":"error"}
{"code":"ERR_HTTP_HEADERS_SENT","level":"error"}
{"level":"error"}
{"level":"error"}
{"level":"error"}
{"level":"error"}
{"level":"error"}
{"level":"error"}
{"level":"error"}
{"level":"error"}
{"level":"error"}
{"level":"error"}
{"level":"error"}
{"level":"error"}
{"level":"error"}
{"level":"error","message":"TypeError: Cannot read properties of undefined (reading 'id')"}
{"level":"error","message":"TypeError: Cannot read properties of undefined (reading 'id')"}
{"level":"error","message":"TypeError: Cannot read properties of undefined (reading 'id')"}
{"level":"error","message":"TypeError: Cannot read properties of undefined (reading 'id')"}
{"level":"error","message":"TypeError: Cannot read properties of undefined (reading 'id')"}
{"level":"error","message":"TypeError: Cannot read properties of undefined (reading 'id')"}
{"level":"error","message":"TypeError: Cannot read properties of undefined (reading 'id')"}
{"level":"error","message":"TypeError: Cannot read properties of undefined (reading 'id')"}
{"level":"error","message":"TypeError: Cannot read properties of undefined (reading 'id')"}
